{
  "RSpec": {
    "coverage": {
      "/Users/nick/Turing/postgrad/fe-sweater-weather/app/helpers/application_helper.rb": {
        "lines": [
          1,
          null
        ]
      },
      "/Users/nick/Turing/postgrad/fe-sweater-weather/app/services/user_service.rb": {
        "lines": [
          1,
          null,
          1,
          1,
          null,
          null,
          1,
          1,
          1,
          1,
          1,
          null,
          1,
          null,
          null
        ]
      },
      "/Users/nick/Turing/postgrad/fe-sweater-weather/app/controllers/application_controller.rb": {
        "lines": [
          0,
          0
        ],
        "branches": {
        }
      }
    },
    "timestamp": 1666298164
  }
}
